 INFO  Accepting connections at http://localhost:3000
 HTTP  3/21/2026 5:01:04 PM ::1 GET /
 HTTP  3/21/2026 5:01:04 PM ::1 Returned 200 in 14 ms
 HTTP  3/21/2026 5:01:27 PM ::1 GET /
 HTTP  3/21/2026 5:01:27 PM ::1 Returned 200 in 4 ms
 HTTP  3/21/2026 5:01:27 PM ::1 GET /styles.css
 HTTP  3/21/2026 5:01:27 PM ::1 GET /app.js?v=6
 HTTP  3/21/2026 5:01:27 PM ::1 Returned 200 in 3 ms
 HTTP  3/21/2026 5:01:27 PM ::1 Returned 200 in 3 ms
 HTTP  3/21/2026 5:01:28 PM ::1 GET /favicon.ico
 HTTP  3/21/2026 5:01:28 PM ::1 Returned 404 in 4 ms
 HTTP  3/21/2026 5:01:34 PM ::1 GET /
 HTTP  3/21/2026 5:01:34 PM ::1 Returned 304 in 2 ms
 HTTP  3/21/2026 5:01:34 PM ::1 GET /styles.css
 HTTP  3/21/2026 5:01:34 PM ::1 Returned 304 in 1 ms
 HTTP  3/21/2026 5:01:34 PM ::1 GET /app.js?v=6
 HTTP  3/21/2026 5:01:34 PM ::1 Returned 304 in 1 ms
 HTTP  3/21/2026 5:02:27 PM ::1 GET /
 HTTP  3/21/2026 5:02:27 PM ::1 Returned 304 in 3 ms
 HTTP  3/21/2026 5:02:27 PM ::1 GET /styles.css
 HTTP  3/21/2026 5:02:27 PM ::1 Returned 304 in 1 ms
 HTTP  3/21/2026 5:02:27 PM ::1 GET /app.js?v=6
 HTTP  3/21/2026 5:02:27 PM ::1 Returned 304 in 1 ms
 HTTP  3/21/2026 5:04:40 PM ::1 GET /
 HTTP  3/21/2026 5:04:40 PM ::1 Returned 200 in 4 ms
 HTTP  3/21/2026 5:09:12 PM ::1 GET /
 HTTP  3/21/2026 5:09:12 PM ::1 Returned 200 in 6 ms
 HTTP  3/21/2026 5:09:15 PM ::1 GET /
 HTTP  3/21/2026 5:09:15 PM ::1 Returned 200 in 1 ms
 HTTP  3/21/2026 5:09:16 PM ::1 GET /styles.css
 HTTP  3/21/2026 5:09:16 PM ::1 Returned 200 in 1 ms
 HTTP  3/21/2026 5:09:16 PM ::1 GET /app.js?v=6
 HTTP  3/21/2026 5:09:16 PM ::1 Returned 200 in 1 ms
 HTTP  3/21/2026 5:09:17 PM ::1 GET /favicon.ico
 HTTP  3/21/2026 5:09:17 PM ::1 Returned 404 in 4 ms
 HTTP  3/21/2026 5:09:56 PM ::1 GET /
 HTTP  3/21/2026 5:09:56 PM ::1 Returned 304 in 1 ms
 HTTP  3/21/2026 5:09:56 PM ::1 GET /styles.css
 HTTP  3/21/2026 5:09:56 PM ::1 GET /app.js?v=6
 HTTP  3/21/2026 5:09:56 PM ::1 Returned 304 in 1 ms
 HTTP  3/21/2026 5:09:56 PM ::1 Returned 304 in 1 ms
 HTTP  3/21/2026 5:11:11 PM ::1 GET /
 HTTP  3/21/2026 5:11:11 PM ::1 Returned 304 in 7 ms
 HTTP  3/21/2026 5:11:11 PM ::1 GET /styles.css
 HTTP  3/21/2026 5:11:11 PM ::1 GET /app.js?v=6
 HTTP  3/21/2026 5:11:11 PM ::1 Returned 304 in 0 ms
 HTTP  3/21/2026 5:11:11 PM ::1 Returned 304 in 6 ms
 HTTP  3/21/2026 5:11:47 PM ::1 GET /
 HTTP  3/21/2026 5:11:47 PM ::1 Returned 200 in 1 ms
 HTTP  3/21/2026 5:11:47 PM ::1 GET /app.js?v=6
 HTTP  3/21/2026 5:11:47 PM ::1 GET /styles.css
 HTTP  3/21/2026 5:11:47 PM ::1 Returned 200 in 2 ms
 HTTP  3/21/2026 5:11:47 PM ::1 Returned 304 in 1 ms
 HTTP  3/21/2026 5:11:47 PM ::1 GET /favicon.ico
 HTTP  3/21/2026 5:11:47 PM ::1 Returned 404 in 2 ms
 HTTP  3/21/2026 5:11:58 PM ::1 GET /
 HTTP  3/21/2026 5:11:58 PM ::1 Returned 304 in 1 ms
 HTTP  3/21/2026 5:11:58 PM ::1 GET /styles.css
 HTTP  3/21/2026 5:11:58 PM ::1 Returned 304 in 0 ms
 HTTP  3/21/2026 5:11:58 PM ::1 GET /app.js?v=6
 HTTP  3/21/2026 5:11:58 PM ::1 Returned 304 in 2 ms
 HTTP  3/21/2026 5:12:22 PM ::1 GET /
 HTTP  3/21/2026 5:12:22 PM ::1 Returned 304 in 1 ms
 HTTP  3/21/2026 5:12:22 PM ::1 GET /styles.css
 HTTP  3/21/2026 5:12:22 PM ::1 Returned 304 in 1 ms
 HTTP  3/21/2026 5:12:22 PM ::1 GET /app.js?v=6
 HTTP  3/21/2026 5:12:22 PM ::1 Returned 304 in 2 ms
 HTTP  3/21/2026 5:12:37 PM ::1 GET /
 HTTP  3/21/2026 5:12:37 PM ::1 Returned 304 in 1 ms
 HTTP  3/21/2026 5:12:37 PM ::1 GET /styles.css
 HTTP  3/21/2026 5:12:37 PM ::1 GET /app.js?v=6
 HTTP  3/21/2026 5:12:37 PM ::1 Returned 304 in 1 ms
 HTTP  3/21/2026 5:12:37 PM ::1 Returned 304 in 1 ms
 HTTP  3/21/2026 5:12:56 PM ::1 GET /
 HTTP  3/21/2026 5:12:56 PM ::1 Returned 200 in 0 ms
 HTTP  3/21/2026 5:12:56 PM ::1 GET /styles.css
 HTTP  3/21/2026 5:12:56 PM ::1 Returned 200 in 1 ms
 HTTP  3/21/2026 5:12:56 PM ::1 GET /app.js?v=6
 HTTP  3/21/2026 5:12:56 PM ::1 Returned 200 in 1 ms
 HTTP  3/21/2026 5:16:10 PM ::1 GET /
 HTTP  3/21/2026 5:16:10 PM ::1 Returned 304 in 2 ms
 HTTP  3/21/2026 5:16:10 PM ::1 GET /styles.css
 HTTP  3/21/2026 5:16:10 PM ::1 Returned 304 in 0 ms
 HTTP  3/21/2026 5:16:10 PM ::1 GET /app.js?v=6
 HTTP  3/21/2026 5:16:10 PM ::1 Returned 304 in 1 ms
 HTTP  3/21/2026 5:17:49 PM ::1 GET /
 HTTP  3/21/2026 5:17:49 PM ::1 Returned 200 in 3 ms
 HTTP  3/21/2026 5:17:49 PM ::1 GET /styles.css
 HTTP  3/21/2026 5:17:49 PM ::1 Returned 304 in 1 ms
 HTTP  3/21/2026 5:17:49 PM ::1 GET /app.js?v=6
 HTTP  3/21/2026 5:17:49 PM ::1 Returned 304 in 1 ms
 HTTP  3/21/2026 5:17:55 PM ::1 GET /
 HTTP  3/21/2026 5:17:55 PM ::1 Returned 304 in 0 ms
 HTTP  3/21/2026 5:17:55 PM ::1 GET /styles.css
 HTTP  3/21/2026 5:17:55 PM ::1 Returned 304 in 0 ms
 HTTP  3/21/2026 5:17:55 PM ::1 GET /app.js?v=6
 HTTP  3/21/2026 5:17:55 PM ::1 Returned 304 in 1 ms
 HTTP  3/21/2026 5:17:59 PM ::1 GET /
 HTTP  3/21/2026 5:17:59 PM ::1 Returned 304 in 1 ms
 HTTP  3/21/2026 5:17:59 PM ::1 GET /styles.css
 HTTP  3/21/2026 5:17:59 PM ::1 Returned 304 in 1 ms
 HTTP  3/21/2026 5:17:59 PM ::1 GET /app.js?v=6
 HTTP  3/21/2026 5:17:59 PM ::1 Returned 304 in 1 ms
 HTTP  3/21/2026 5:18:04 PM ::1 GET /
 HTTP  3/21/2026 5:18:04 PM ::1 Returned 304 in 1 ms
 HTTP  3/21/2026 5:18:04 PM ::1 GET /styles.css
 HTTP  3/21/2026 5:18:04 PM ::1 Returned 304 in 1 ms
 HTTP  3/21/2026 5:18:04 PM ::1 GET /app.js?v=6
 HTTP  3/21/2026 5:18:04 PM ::1 Returned 304 in 1 ms
 HTTP  3/21/2026 5:18:05 PM ::1 GET /
 HTTP  3/21/2026 5:18:05 PM ::1 Returned 304 in 1 ms
 HTTP  3/21/2026 5:18:05 PM ::1 GET /styles.css
 HTTP  3/21/2026 5:18:05 PM ::1 Returned 304 in 0 ms
 HTTP  3/21/2026 5:18:05 PM ::1 GET /app.js?v=6
 HTTP  3/21/2026 5:18:05 PM ::1 Returned 304 in 1 ms
 HTTP  3/21/2026 5:18:06 PM ::1 GET /
 HTTP  3/21/2026 5:18:06 PM ::1 Returned 304 in 1 ms
 HTTP  3/21/2026 5:18:06 PM ::1 GET /styles.css
 HTTP  3/21/2026 5:18:06 PM ::1 Returned 304 in 1 ms
 HTTP  3/21/2026 5:18:06 PM ::1 GET /app.js?v=6
 HTTP  3/21/2026 5:18:06 PM ::1 Returned 304 in 1 ms
 HTTP  3/21/2026 5:18:34 PM ::1 GET /
 HTTP  3/21/2026 5:18:34 PM ::1 Returned 200 in 1 ms
 HTTP  3/21/2026 5:18:34 PM ::1 GET /styles.css
 HTTP  3/21/2026 5:18:34 PM ::1 Returned 200 in 3 ms
 HTTP  3/21/2026 5:18:34 PM ::1 GET /app.js?v=6
 HTTP  3/21/2026 5:18:34 PM ::1 Returned 200 in 1 ms
 HTTP  3/21/2026 5:20:52 PM ::1 GET /
 HTTP  3/21/2026 5:20:52 PM ::1 Returned 304 in 1 ms
 HTTP  3/21/2026 5:20:52 PM ::1 GET /styles.css
 HTTP  3/21/2026 5:20:52 PM ::1 Returned 304 in 1 ms
 HTTP  3/21/2026 5:20:52 PM ::1 GET /app.js?v=6
 HTTP  3/21/2026 5:20:52 PM ::1 Returned 304 in 2 ms
 HTTP  3/21/2026 5:31:18 PM ::1 GET /?error=invalid_request&error_code=bad_oauth_state&error_description=OAuth+state+has+expired
 HTTP  3/21/2026 5:31:18 PM ::1 Returned 200 in 6 ms
 HTTP  3/21/2026 5:31:18 PM ::1 GET /styles.css
 HTTP  3/21/2026 5:31:18 PM ::1 Returned 304 in 2 ms
 HTTP  3/21/2026 5:31:18 PM ::1 GET /app.js?v=6
 HTTP  3/21/2026 5:31:18 PM ::1 Returned 304 in 0 ms
 HTTP  3/21/2026 5:31:32 PM ::1 GET /
 HTTP  3/21/2026 5:31:32 PM ::1 Returned 200 in 1 ms
 HTTP  3/21/2026 5:31:32 PM ::1 GET /styles.css
 HTTP  3/21/2026 5:31:32 PM ::1 Returned 304 in 1 ms
 HTTP  3/21/2026 5:31:32 PM ::1 GET /app.js?v=6
 HTTP  3/21/2026 5:31:32 PM ::1 Returned 304 in 0 ms
 HTTP  3/21/2026 5:31:44 PM ::1 GET /
 HTTP  3/21/2026 5:31:44 PM ::1 Returned 304 in 1 ms
 HTTP  3/21/2026 5:31:44 PM ::1 GET /styles.css
 HTTP  3/21/2026 5:31:44 PM ::1 Returned 304 in 1 ms
 HTTP  3/21/2026 5:31:44 PM ::1 GET /app.js?v=6
 HTTP  3/21/2026 5:31:44 PM ::1 Returned 304 in 1 ms
 HTTP  3/21/2026 5:31:49 PM ::1 GET /
 HTTP  3/21/2026 5:31:49 PM ::1 Returned 304 in 1 ms
 HTTP  3/21/2026 5:31:49 PM ::1 GET /styles.css
 HTTP  3/21/2026 5:31:49 PM ::1 Returned 304 in 1 ms
 HTTP  3/21/2026 5:31:49 PM ::1 GET /app.js?v=6
 HTTP  3/21/2026 5:31:49 PM ::1 Returned 304 in 0 ms
 HTTP  3/21/2026 5:31:56 PM ::1 GET /
 HTTP  3/21/2026 5:31:56 PM ::1 Returned 304 in 1 ms
 HTTP  3/21/2026 5:31:56 PM ::1 GET /styles.css
 HTTP  3/21/2026 5:31:56 PM ::1 Returned 304 in 0 ms
 HTTP  3/21/2026 5:31:56 PM ::1 GET /app.js?v=6
 HTTP  3/21/2026 5:31:56 PM ::1 Returned 304 in 1 ms
 HTTP  3/21/2026 5:33:40 PM ::1 GET /
 HTTP  3/21/2026 5:33:40 PM ::1 Returned 200 in 8 ms
 HTTP  3/21/2026 5:33:40 PM ::1 GET /styles.css
 HTTP  3/21/2026 5:33:40 PM ::1 Returned 304 in 3 ms
 HTTP  3/21/2026 5:33:40 PM ::1 GET /app.js?v=7
 HTTP  3/21/2026 5:33:40 PM ::1 Returned 200 in 2 ms
 HTTP  3/21/2026 5:33:41 PM ::1 GET /
 HTTP  3/21/2026 5:33:41 PM ::1 Returned 304 in 1 ms
 HTTP  3/21/2026 5:33:41 PM ::1 GET /styles.css
 HTTP  3/21/2026 5:33:41 PM ::1 GET /app.js?v=7
 HTTP  3/21/2026 5:33:41 PM ::1 Returned 304 in 2 ms
 HTTP  3/21/2026 5:33:41 PM ::1 Returned 304 in 1 ms
 HTTP  3/21/2026 5:33:42 PM ::1 GET /
 HTTP  3/21/2026 5:33:42 PM ::1 Returned 304 in 1 ms
 HTTP  3/21/2026 5:33:42 PM ::1 GET /styles.css
 HTTP  3/21/2026 5:33:42 PM ::1 Returned 304 in 1 ms
 HTTP  3/21/2026 5:33:42 PM ::1 GET /app.js?v=7
 HTTP  3/21/2026 5:33:42 PM ::1 Returned 304 in 0 ms
 HTTP  3/21/2026 5:33:42 PM ::1 GET /
 HTTP  3/21/2026 5:33:42 PM ::1 Returned 304 in 1 ms
 HTTP  3/21/2026 5:33:42 PM ::1 GET /styles.css
 HTTP  3/21/2026 5:33:42 PM ::1 GET /app.js?v=7
 HTTP  3/21/2026 5:33:42 PM ::1 Returned 304 in 0 ms
 HTTP  3/21/2026 5:33:42 PM ::1 Returned 304 in 1 ms
 HTTP  3/21/2026 5:33:42 PM ::1 GET /
 HTTP  3/21/2026 5:33:42 PM ::1 Returned 304 in 1 ms
 HTTP  3/21/2026 5:33:42 PM ::1 GET /styles.css
 HTTP  3/21/2026 5:33:42 PM ::1 GET /app.js?v=7
 HTTP  3/21/2026 5:33:42 PM ::1 Returned 304 in 2 ms
 HTTP  3/21/2026 5:33:42 PM ::1 Returned 304 in 3 ms
 HTTP  3/21/2026 5:33:42 PM ::1 GET /
 HTTP  3/21/2026 5:33:42 PM ::1 Returned 304 in 1 ms
 HTTP  3/21/2026 5:33:42 PM ::1 GET /styles.css
 HTTP  3/21/2026 5:33:42 PM ::1 Returned 304 in 1 ms
 HTTP  3/21/2026 5:33:42 PM ::1 GET /app.js?v=7
 HTTP  3/21/2026 5:33:42 PM ::1 Returned 304 in 1 ms
 HTTP  3/21/2026 5:33:42 PM ::1 GET /
 HTTP  3/21/2026 5:33:42 PM ::1 Returned 304 in 1 ms
 HTTP  3/21/2026 5:33:42 PM ::1 GET /styles.css
 HTTP  3/21/2026 5:33:42 PM ::1 Returned 304 in 1 ms
 HTTP  3/21/2026 5:33:42 PM ::1 GET /app.js?v=7
 HTTP  3/21/2026 5:33:42 PM ::1 Returned 304 in 0 ms
 HTTP  3/21/2026 5:33:43 PM ::1 GET /
 HTTP  3/21/2026 5:33:43 PM ::1 Returned 304 in 1 ms
 HTTP  3/21/2026 5:33:43 PM ::1 GET /styles.css
 HTTP  3/21/2026 5:33:43 PM ::1 GET /app.js?v=7
 HTTP  3/21/2026 5:33:43 PM ::1 Returned 304 in 2 ms
 HTTP  3/21/2026 5:33:43 PM ::1 Returned 304 in 2 ms
 HTTP  3/21/2026 5:33:43 PM ::1 GET /
 HTTP  3/21/2026 5:33:43 PM ::1 Returned 304 in 0 ms
 HTTP  3/21/2026 5:33:43 PM ::1 GET /styles.css
 HTTP  3/21/2026 5:33:43 PM ::1 GET /app.js?v=7
 HTTP  3/21/2026 5:33:43 PM ::1 Returned 304 in 1 ms
 HTTP  3/21/2026 5:33:43 PM ::1 Returned 304 in 1 ms
 HTTP  3/21/2026 5:33:43 PM ::1 GET /
 HTTP  3/21/2026 5:33:43 PM ::1 Returned 304 in 1 ms
 HTTP  3/21/2026 5:33:43 PM ::1 GET /styles.css
 HTTP  3/21/2026 5:33:43 PM ::1 Returned 304 in 0 ms
 HTTP  3/21/2026 5:33:43 PM ::1 GET /app.js?v=7
 HTTP  3/21/2026 5:33:43 PM ::1 Returned 304 in 1 ms
 HTTP  3/21/2026 5:33:43 PM ::1 GET /
 HTTP  3/21/2026 5:33:43 PM ::1 Returned 304 in 1 ms
 HTTP  3/21/2026 5:33:43 PM ::1 GET /styles.css
 HTTP  3/21/2026 5:33:43 PM ::1 GET /app.js?v=7
 HTTP  3/21/2026 5:33:43 PM ::1 Returned 304 in 0 ms
 HTTP  3/21/2026 5:33:43 PM ::1 Returned 304 in 1 ms
 HTTP  3/21/2026 5:33:43 PM ::1 GET /
 HTTP  3/21/2026 5:33:43 PM ::1 Returned 304 in 0 ms
 HTTP  3/21/2026 5:33:43 PM ::1 GET /styles.css
 HTTP  3/21/2026 5:33:43 PM ::1 GET /app.js?v=7
 HTTP  3/21/2026 5:33:43 PM ::1 Returned 304 in 1 ms
 HTTP  3/21/2026 5:33:43 PM ::1 Returned 304 in 1 ms
 HTTP  3/21/2026 5:33:44 PM ::1 GET /
 HTTP  3/21/2026 5:33:44 PM ::1 Returned 304 in 1 ms
 HTTP  3/21/2026 5:33:44 PM ::1 GET /styles.css
 HTTP  3/21/2026 5:33:44 PM ::1 GET /app.js?v=7
 HTTP  3/21/2026 5:33:44 PM ::1 Returned 304 in 1 ms
 HTTP  3/21/2026 5:33:44 PM ::1 Returned 304 in 0 ms
 HTTP  3/21/2026 5:33:44 PM ::1 GET /
 HTTP  3/21/2026 5:33:44 PM ::1 Returned 304 in 1 ms
 HTTP  3/21/2026 5:33:44 PM ::1 GET /styles.css
 HTTP  3/21/2026 5:33:44 PM ::1 GET /app.js?v=7
 HTTP  3/21/2026 5:33:44 PM ::1 Returned 304 in 1 ms
 HTTP  3/21/2026 5:33:44 PM ::1 Returned 304 in 0 ms
 HTTP  3/21/2026 5:33:44 PM ::1 GET /
 HTTP  3/21/2026 5:33:44 PM ::1 Returned 304 in 1 ms
 HTTP  3/21/2026 5:33:44 PM ::1 GET /styles.css
 HTTP  3/21/2026 5:33:44 PM ::1 GET /app.js?v=7
 HTTP  3/21/2026 5:33:44 PM ::1 Returned 304 in 1 ms
 HTTP  3/21/2026 5:33:44 PM ::1 Returned 304 in 0 ms
 HTTP  3/21/2026 5:35:09 PM ::1 GET /
 HTTP  3/21/2026 5:35:09 PM ::1 Returned 200 in 2 ms
 HTTP  3/21/2026 5:35:09 PM ::1 GET /styles.css
 HTTP  3/21/2026 5:35:09 PM ::1 Returned 200 in 2 ms
 HTTP  3/21/2026 5:35:09 PM ::1 GET /app.js?v=7
 HTTP  3/21/2026 5:35:09 PM ::1 Returned 200 in 1 ms
 HTTP  3/21/2026 5:35:09 PM ::1 GET /favicon.ico
 HTTP  3/21/2026 5:35:09 PM ::1 Returned 404 in 2 ms
 HTTP  3/21/2026 5:35:12 PM ::1 GET /
 HTTP  3/21/2026 5:35:12 PM ::1 Returned 200 in 1 ms
 HTTP  3/21/2026 5:35:12 PM ::1 GET /styles.css
 HTTP  3/21/2026 5:35:12 PM ::1 Returned 304 in 1 ms
 HTTP  3/21/2026 5:35:12 PM ::1 GET /app.js?v=7
 HTTP  3/21/2026 5:35:12 PM ::1 Returned 304 in 0 ms
 HTTP  3/21/2026 5:39:46 PM ::1 GET /
 HTTP  3/21/2026 5:39:46 PM ::1 Returned 200 in 6 ms
 HTTP  3/21/2026 5:39:46 PM ::1 GET /styles.css
 HTTP  3/21/2026 5:39:46 PM ::1 GET /app.js?v=7
 HTTP  3/21/2026 5:39:46 PM ::1 Returned 200 in 3 ms
 HTTP  3/21/2026 5:39:46 PM ::1 Returned 200 in 1 ms
 HTTP  3/21/2026 5:39:46 PM ::1 GET /favicon.ico
 HTTP  3/21/2026 5:39:46 PM ::1 Returned 404 in 4 ms
 HTTP  3/21/2026 5:39:49 PM ::1 GET /
 HTTP  3/21/2026 5:39:49 PM ::1 Returned 304 in 0 ms
 HTTP  3/21/2026 5:39:49 PM ::1 GET /styles.css
 HTTP  3/21/2026 5:39:49 PM ::1 Returned 304 in 0 ms
 HTTP  3/21/2026 5:39:49 PM ::1 GET /app.js?v=7
 HTTP  3/21/2026 5:39:49 PM ::1 Returned 304 in 2 ms
 HTTP  3/21/2026 5:39:52 PM ::1 GET /
 HTTP  3/21/2026 5:39:52 PM ::1 Returned 304 in 1 ms
 HTTP  3/21/2026 5:39:52 PM ::1 GET /styles.css
 HTTP  3/21/2026 5:39:52 PM ::1 Returned 304 in 0 ms
 HTTP  3/21/2026 5:39:52 PM ::1 GET /app.js?v=7
 HTTP  3/21/2026 5:39:52 PM ::1 Returned 304 in 1 ms
 HTTP  3/21/2026 5:39:55 PM ::1 GET /
 HTTP  3/21/2026 5:39:55 PM ::1 Returned 304 in 1 ms
 HTTP  3/21/2026 5:39:55 PM ::1 GET /styles.css
 HTTP  3/21/2026 5:39:55 PM ::1 Returned 304 in 1 ms
 HTTP  3/21/2026 5:39:55 PM ::1 GET /app.js?v=7
 HTTP  3/21/2026 5:39:55 PM ::1 Returned 304 in 1 ms
 HTTP  3/21/2026 5:42:02 PM ::1 GET /
 HTTP  3/21/2026 5:42:02 PM ::1 Returned 304 in 1 ms
 HTTP  3/21/2026 5:42:02 PM ::1 GET /styles.css
 HTTP  3/21/2026 5:42:02 PM ::1 GET /app.js?v=7
 HTTP  3/21/2026 5:42:02 PM ::1 Returned 304 in 2 ms
 HTTP  3/21/2026 5:42:02 PM ::1 Returned 304 in 1 ms
 HTTP  3/21/2026 5:42:43 PM ::1 GET /
 HTTP  3/21/2026 5:42:43 PM ::1 Returned 304 in 1 ms
 HTTP  3/21/2026 5:42:43 PM ::1 GET /styles.css
 HTTP  3/21/2026 5:42:43 PM ::1 GET /app.js?v=7
 HTTP  3/21/2026 5:42:43 PM ::1 Returned 304 in 1 ms
 HTTP  3/21/2026 5:42:43 PM ::1 Returned 304 in 1 ms
 HTTP  3/21/2026 5:43:06 PM ::1 GET /app.js?v=7
 HTTP  3/21/2026 5:43:06 PM ::1 Returned 304 in 1 ms
 HTTP  3/21/2026 5:44:34 PM ::1 GET /
 HTTP  3/21/2026 5:44:34 PM ::1 Returned 304 in 3 ms
 HTTP  3/21/2026 5:44:34 PM ::1 GET /styles.css
 HTTP  3/21/2026 5:44:34 PM ::1 GET /app.js?v=7
 HTTP  3/21/2026 5:44:34 PM ::1 Returned 304 in 1 ms
 HTTP  3/21/2026 5:44:34 PM ::1 Returned 304 in 1 ms
 HTTP  3/21/2026 5:47:52 PM ::1 GET /
 HTTP  3/21/2026 5:47:52 PM ::1 Returned 200 in 6 ms
 HTTP  3/21/2026 5:47:52 PM ::1 GET /styles.css
 HTTP  3/21/2026 5:47:52 PM ::1 Returned 200 in 0 ms
 HTTP  3/21/2026 5:47:52 PM ::1 GET /app.js?v=8
 HTTP  3/21/2026 5:47:52 PM ::1 Returned 200 in 0 ms
 HTTP  3/21/2026 5:47:52 PM ::1 GET /favicon.ico
 HTTP  3/21/2026 5:47:52 PM ::1 Returned 404 in 1 ms
 HTTP  3/21/2026 5:47:56 PM ::1 GET /
 HTTP  3/21/2026 5:47:56 PM ::1 Returned 304 in 1 ms
 HTTP  3/21/2026 5:47:56 PM ::1 GET /styles.css
 HTTP  3/21/2026 5:47:56 PM ::1 Returned 304 in 0 ms
 HTTP  3/21/2026 5:47:56 PM ::1 GET /app.js?v=8
 HTTP  3/21/2026 5:47:56 PM ::1 Returned 304 in 0 ms
 HTTP  3/21/2026 5:48:03 PM ::1 GET /
 HTTP  3/21/2026 5:48:03 PM ::1 Returned 304 in 1 ms
 HTTP  3/21/2026 5:48:03 PM ::1 GET /styles.css
 HTTP  3/21/2026 5:48:03 PM ::1 Returned 304 in 0 ms
 HTTP  3/21/2026 5:48:03 PM ::1 GET /app.js?v=8
 HTTP  3/21/2026 5:48:03 PM ::1 Returned 304 in 1 ms
 HTTP  3/21/2026 5:54:09 PM ::1 GET /
 HTTP  3/21/2026 5:54:09 PM ::1 Returned 304 in 5 ms
 HTTP  3/21/2026 5:54:09 PM ::1 GET /styles.css
 HTTP  3/21/2026 5:54:09 PM ::1 GET /app.js?v=8
 HTTP  3/21/2026 5:54:09 PM ::1 Returned 304 in 0 ms
 HTTP  3/21/2026 5:54:09 PM ::1 Returned 304 in 1 ms
 HTTP  3/21/2026 5:57:18 PM ::1 GET /
 HTTP  3/21/2026 5:57:18 PM ::1 Returned 304 in 3 ms
 HTTP  3/21/2026 5:57:18 PM ::1 GET /styles.css
 HTTP  3/21/2026 5:57:18 PM ::1 GET /app.js?v=8
 HTTP  3/21/2026 5:57:18 PM ::1 Returned 304 in 2 ms
 HTTP  3/21/2026 5:57:18 PM ::1 Returned 304 in 8 ms
 HTTP  3/21/2026 5:57:22 PM ::1 GET /
 HTTP  3/21/2026 5:57:22 PM ::1 Returned 304 in 1 ms
 HTTP  3/21/2026 5:57:22 PM ::1 GET /styles.css
 HTTP  3/21/2026 5:57:22 PM ::1 Returned 304 in 0 ms
 HTTP  3/21/2026 5:57:22 PM ::1 GET /app.js?v=8
 HTTP  3/21/2026 5:57:22 PM ::1 Returned 304 in 1 ms
 HTTP  3/21/2026 6:01:23 PM ::1 GET /
 HTTP  3/21/2026 6:01:23 PM ::1 Returned 304 in 3 ms
 HTTP  3/21/2026 6:01:23 PM ::1 GET /styles.css
 HTTP  3/21/2026 6:01:23 PM ::1 Returned 304 in 1 ms
 HTTP  3/21/2026 6:01:23 PM ::1 GET /app.js?v=8
 HTTP  3/21/2026 6:01:23 PM ::1 Returned 304 in 1 ms
 HTTP  3/21/2026 6:08:26 PM ::1 GET /
 HTTP  3/21/2026 6:08:26 PM ::1 Returned 200 in 3 ms
 HTTP  3/21/2026 6:08:26 PM ::1 GET /app.js?v=8
 HTTP  3/21/2026 6:08:26 PM ::1 GET /styles.css
 HTTP  3/21/2026 6:08:26 PM ::1 Returned 200 in 1 ms
 HTTP  3/21/2026 6:08:26 PM ::1 Returned 304 in 1 ms
 HTTP  3/21/2026 6:08:28 PM ::1 GET /favicon.ico
 HTTP  3/21/2026 6:08:28 PM ::1 Returned 404 in 3 ms
 HTTP  3/21/2026 6:14:35 PM ::1 GET /
 HTTP  3/21/2026 6:14:35 PM ::1 Returned 304 in 3 ms
 HTTP  3/21/2026 6:14:35 PM ::1 GET /styles.css
 HTTP  3/21/2026 6:14:35 PM ::1 Returned 304 in 1 ms
 HTTP  3/21/2026 6:14:35 PM ::1 GET /app.js?v=8
 HTTP  3/21/2026 6:14:35 PM ::1 Returned 304 in 0 ms
 HTTP  3/21/2026 6:14:58 PM ::1 GET /
 HTTP  3/21/2026 6:14:58 PM ::1 Returned 304 in 2 ms
 HTTP  3/21/2026 6:14:58 PM ::1 GET /styles.css
 HTTP  3/21/2026 6:14:58 PM ::1 GET /app.js?v=8
 HTTP  3/21/2026 6:14:58 PM ::1 Returned 304 in 1 ms
 HTTP  3/21/2026 6:14:58 PM ::1 Returned 304 in 0 ms
 HTTP  3/21/2026 6:20:23 PM ::1 GET /
 HTTP  3/21/2026 6:20:23 PM ::1 Returned 304 in 5 ms
 HTTP  3/21/2026 6:20:23 PM ::1 GET /styles.css
 HTTP  3/21/2026 6:20:23 PM ::1 GET /app.js?v=8
 HTTP  3/21/2026 6:20:23 PM ::1 Returned 304 in 3 ms
 HTTP  3/21/2026 6:20:23 PM ::1 Returned 200 in 7 ms
 HTTP  3/21/2026 6:21:59 PM ::1 GET /
 HTTP  3/21/2026 6:21:59 PM ::1 Returned 304 in 1 ms
 HTTP  3/21/2026 6:21:59 PM ::1 GET /styles.css
 HTTP  3/21/2026 6:21:59 PM ::1 GET /app.js?v=8
 HTTP  3/21/2026 6:21:59 PM ::1 Returned 304 in 1 ms
 HTTP  3/21/2026 6:21:59 PM ::1 Returned 304 in 0 ms
 HTTP  3/21/2026 6:22:17 PM ::1 GET /
 HTTP  3/21/2026 6:22:17 PM ::1 Returned 304 in 1 ms
 HTTP  3/21/2026 6:22:17 PM ::1 GET /styles.css
 HTTP  3/21/2026 6:22:17 PM ::1 Returned 304 in 1 ms
 HTTP  3/21/2026 6:22:17 PM ::1 GET /app.js?v=8
 HTTP  3/21/2026 6:22:17 PM ::1 Returned 304 in 1 ms
 HTTP  3/21/2026 6:33:47 PM ::1 GET /
 HTTP  3/21/2026 6:33:47 PM ::1 Returned 200 in 4 ms
 HTTP  3/21/2026 6:33:47 PM ::1 GET /styles.css
 HTTP  3/21/2026 6:33:47 PM ::1 GET /app.js?v=9
 HTTP  3/21/2026 6:33:47 PM ::1 Returned 304 in 1 ms
 HTTP  3/21/2026 6:33:47 PM ::1 Returned 200 in 1 ms
 HTTP  3/21/2026 6:34:21 PM ::1 GET /
 HTTP  3/21/2026 6:34:21 PM ::1 Returned 304 in 1 ms
 HTTP  3/21/2026 6:34:21 PM ::1 GET /styles.css
 HTTP  3/21/2026 6:34:21 PM ::1 GET /app.js?v=9
 HTTP  3/21/2026 6:34:21 PM ::1 Returned 304 in 1 ms
 HTTP  3/21/2026 6:34:21 PM ::1 Returned 304 in 1 ms

 INFO  Gracefully shutting down. Please wait...
